> src/d_array.cpp中，題目要求是要實作初始長度為1，每當空間不夠時就會擴張10倍的結構。我已經完成了這部分，不過我想
  把儲存方式從index=id的方式改成用id排序，並用binery search實現插入與搜尋。請基於我原本的架構做修改。

✦ 好的，我將基於您現有的 src/d_array.cpp 架構進行修改，將其改為使用 ID 排序並透過二元搜尋實現插入和搜尋。


  首先，我需要讀取您目前的程式碼以了解其結構。
 ╭─────────────────────────────────────────────────────────────────────────────────────────────────────────────────╮
 │ ✔  ReadManyFiles Will attempt to read and concatenate files using patterns: `C:/0Jade/CPPs/struct/hw01/includ…  │
 │                                                                                                                 │
 │    ### ReadManyFiles Result (Target Dir: `C:\0Jade\CPPs\struct\hw01`)                                           │
 │                                                                                                                 │
 │    Successfully read and concatenated content from **2 file(s)**.                                               │
 │                                                                                                                 │
 │    **Processed Files:**                                                                                         │
 │    - `include/d_array.hpp`                                                                                      │
 │    - `src/d_array.cpp`                                                                                          │
 ╰─────────────────────────────────────────────────────────────────────────────────────────────────────────────────╯
✦ 好的，了解您的需求。為了實現 ID 排序和二元搜尋，我需要修改您的資料結構。原本 index = id 的方式將不再適用。


  我的計畫如下：
   1. 修改 `d_array.hpp`：
       * 我會定義一個新的內部 struct Node 來同時儲存 id 和對應的 scores 向量。
       * 原本的 std::unique_ptr<std::vector<std::vector<int>>> a 會被替換為 std::unique_ptr<std::vector<Node>>
         a。
       * 我會移除公開的 len 成員，並在 private 中加入 capacity (容量) 和 count (目前元素數量) 來管理陣列狀態。
   2. 修改 `src/d_array.cpp`：
       * `insert` 函式：
           * 會先用二元搜尋來尋找 id。
           * 如果 id 已存在，就直接將 score 加入對應的 scores 向量。
           * 如果 id 不存在，則會先檢查是否需要擴張 (count == capacity)，然後將元素後移，在正確的位置插入新的
             Node。
       * `search` 函式：
           * 會用二元搜尋來快速找到指定的 id。
           * 如果找到，返回其 scores；如果找不到，返回包含 -1 的向量，與您原本的邏輯保持一致。
       * `exension` 函式：
           * 會被修改以支援新的 std::vector<Node> 結構，其擴張10倍容量的邏輯會保留。

  我將開始修改 include/d_array.hpp 和 src/d_array.cpp。


  首先是標頭檔 include/d_array.hpp：

 ╭───────────────────────────────────────────────────────────────────────────────────────────────────────╮
 │ ✔  WriteFile Writing to include\d_array.hpp                                                           │
 │                                                                                                       │
 │    3                                                                                                  │
 │    4      class dynamic_array {                                                                       │
 │    5        public:                                                                                   │
                                                                         │
 │    6          dynamic_array();                                                                        │
 │    7          void insert(long long id, int score);                                                   │
 │    8          std::vector<int> search(long long id);                                                  │
 │    9                                                                                                  │
 │    10       private:                                                                                  │
                                      │ector<std::vector<int>>> a;
 │    11   +     struct Node {                                                                           │
 │    12   +         long long id;                                                                       │
 │    13   +         std::vector<int> scores;                                                            │
 │    14   +     };                                                                                      │
 │    15   +                                                                                             │
 │    16   +     std::unique_ptr<std::vector<Node>> a;                                                   │
 │    17   +     long long capacity;                                                                     │
 │    18   +     long long count;                                                                        │
 │    19   +                                                                                             │
 │    20         void exension();                                                                        │
 │    21     };                                                                                          │
 ╰───────────────────────────────────────────────────────────────────────────────────────────────────────╯
✦ 標頭檔已更新。現在我將修改 src/d_array.cpp 的實作。
 ╭───────────────────────────────────────────────────────────────────────────────────────────────────────╮
 │ ✔  WriteFile Writing to src\d_array.cpp                                                               │
 │                                                                                                       │
 │    1      #include "d_array.hpp"                                                                      │
 │    2                                                                                                  │
 │    3      dynamic_array::dynamic_array() {                                                            │
                                │ique<std::vector<std::vector<int>>>(1);
                                                                               │
 │    4    +     a = std::make_unique<std::vector<Node>>(1);                                             │
 │    5    +     capacity = 1;                                                                           │
 │    6    +     count = 0;                                                                              │
 │    7      }                                                                                           │
 │    8                                                                                                  │
 │    9      void dynamic_array::insert(long long id, int score) {                                       │
                                                                  │
                                                         │
 │    10   +     long long low = 0, high = count - 1;                                                    │
 │    11   +     long long target_idx = count;                                                           │
 │    12   +                                                                                             │
 │    13   +     while ( low <= high ) {                                                                 │
 │    14   +         long long mid = low + (high - low) / 2;                                             │
 │    15   +         if ( (*a)[mid].id == id ) {                                                         │
 │    16   +             (*a)[mid].scores.push_back(score);                                              │
 │    17   +             return;                                                                         │
 │    18             }                                                                                   │
                                                             │
 │    ═════════════════════════════════════════════════════════════════════════════════════════════════  │
 │    19   +         if ( (*a)[mid].id < id ) {                                                          │
 │    20   +             low = mid + 1;                                                                  │
 │    21             }                                                                                   │
 │    22   +         else {                                                                              │
 │    23   +             high = mid - 1;                                                                 │
 │    24   +         }                                                                                   │
 │    25   +     }                                                                                       │
 │    26   +     target_idx = low;                                                                       │
 │    27                                                                                                 │
 │    28   +     if ( count == capacity ) {                                                              │
 │    29   +         exension();                                                                         │
 │    30   +     }                                                                                       │
 │    31   +                                                                                             │
 │    32   +     for ( long long i = count; i > target_idx; --i ) {                                      │
 │    33   +         (*a)[i] = std::move((*a)[i - 1]);                                                   │
 │    34   +     }                                                                                       │
 │    35   +                                                                                             │
 │    36   +     (*a)[target_idx] = {id, std::vector<int>{score}};                                       │
 │    37   +     count++;                                                                                │
 │    38   + }                                                                                           │
 │    39   +                                                                                             │
 │    40     std::vector<int> dynamic_array::search(long long id) {                                      │
                                                          │
                                                    │
 │    ═════════════════════════════════════════════════════════════════════════════════════════════════  │
 │    41   +     long long low = 0, high = count - 1;                                                    │
 │    42   +     while ( low <= high ) {                                                                 │
 │    43   +         long long mid = low + (high - low) / 2;                                             │
 │    44   +         if ( (*a)[mid].id == id ) {                                                         │
 │    45   +             return (*a)[mid].scores;                                                        │
 │    46             }                                                                                   │
 │    47   +         if ( (*a)[mid].id < id ) {                                                          │
 │    48   +             low = mid + 1;                                                                  │
 │    49   +         }                                                                                   │
 │    50             else {                                                                              │
                                                                   │
 │    ═════════════════════════════════════════════════════════════════════════════════════════════════  │
 │    51   +             high = mid - 1;                                                                 │
 │    52             }                                                                                   │
 │    53         }                                                                                       │
 │    54                                                                                                 │
 │    55   +     return std::vector<int>(1, -1);                                                         │
 │    56   + }                                                                                           │
 │    57   +                                                                                             │
 │    58     void dynamic_array::exension() {                                                            │
                                                                │
                                     │vector<std::vector<int>>> b =
                          │ake_unique<std::vector<std::vector<int>>>(new_len);
                                                │i++ ) {
 │    ═════════════════════════════════════════════════════════════════════════════════════════════════  │
 │    59   +     long long new_capacity = (capacity == 0) ? 1 : capacity * 10;                           │
 │    60   +     std::unique_ptr<std::vector<Node>> b =                                                  │
 │    61   +         std::make_unique<std::vector<Node>>(new_capacity);                                  │
 │    62   +     for ( long long i = 0; i < count; i++ ) {                                               │
 │    63             (*b)[i] = std::move((*a)[i]);                                                       │
 │    64         }                                                                                       │
                                                                         │
 │    ═════════════════════════════════════════════════════════════════════════════════════════════════  │
 │    65   +     capacity = new_capacity;                                                                │
 │    66         a = std::move(b);                                                                       │
 │    67     }                                                                                           │
 ╰───────────────────────────────────────────────────────────────────────────────────────────────────────╯
✦ src/d_array.cpp 的程式碼也已更新。我已經根據您的要求，將其修改為使用 ID 排序和二元搜尋。


  您可以編譯和測試看看是否符合您的預期。如果您需要任何進一步的修改，請告訴我。

> 幫我看target.md，我有可能把整個作業用一個程式跑完嗎？

✦ 好的，我來讀取 target.md 檔案，看看整個作業的需求。
 ╭────────────────────────╮
 │ ✔  ReadFile target.md  │
 ╰────────────────────────╯
✦ 是的，完全可以，而且這也是推薦的作法。您可以將整個作業的測試和數據收集過程整合到一個主程式中（例如 main.cpp）。


  根據 target.md 的內容，您需要對三種不同的資料結構（dynamic_array、static_array、linked_list++）進行效能測試。

  一個統一的測試程式的架構可以如下：


   1. 包含所有資料結構的標頭檔：
      在您的 main.cpp 中，包含您為三種解法分別撰寫的標頭檔。


   1     #include "d_array.hpp" // Solution 1
   2     #include "s_array.hpp" // Solution 2
   3     #include "llpp.hpp"    // Solution 3
   4     #include <iostream>
   5     #include <vector>
   6     #include <chrono>   // 用於計時
   7     #include <random>   // 用於生成隨機ID和score
   8     #include <cmath>    // 用於 pow()



   2. 主函式 (main) 作為測試控制器：
      main 函式將會是整個實驗的總指揮。它的邏輯會是：
       * 外層迴圈：遍歷三種資料結構。
       * 中層迴圈：遍歷 n 的不同大小 (從 2^11 到 2^25)。
       * 內層迴圈：為每個 n 值執行 10 次實驗以取得平均值。


   3. 實驗流程：
      在最內層的迴圈中，針對一種資料結構和一個 n 值，執行以下操作：
       * a. 建立資料結構實例：dynamic_array da;
       * b. Insert 測試：
           * 啟動計時器。
           * 生成 n 筆隨機的 (id, score) 並呼叫 da.insert()。
           * 停止計時器，紀錄執行時間。
       * c. Search 測試：
           * 啟動計時器。
           * 生成 100,000 筆隨機的 id 並呼叫 da.search()。
           * 停止計時器，紀錄執行時間。
       * d. Sum 測試：
           * 啟動計時器。
           * 遍歷整個資料結構，計算所有 score 的總和。
           * 停止計時器，紀錄執行時間。


   4. 輸出結果：
       * 在 10 次實驗結束後，計算 insert, search, sum 各自的平均時間。
       * 將結果以一種結構化的格式（例如 CSV）輸出到螢幕或檔案，方便您後續複製到 Excel
         或其他工具中繪製圖表。例如：


   1     Solution,n,InsertTime,SearchTime,SumTime
   2     dynamic_array,2048,0.0012,0.053,0.0004
   3     dynamic_array,4096,0.0025,0.055,0.0009
   4     ...
   5     static_array,2048,0.0008,0.041,0.0015
   6     ...



  總結來說：
  使用單一程式來跑完所有實驗是最佳實踐。這樣可以確保您的測試環境（如亂數生成、計時方式）對所有資料結構都是公平
  且一致的。您現有的 d_array.cpp, s_array.cpp, llpp.cpp 檔案結構很好，main.cpp
  只需要去呼叫它們並統籌整個測試流程即可。

> 不過，聽同學說很常超過10分鐘，並且很常出現明明過了十幾分鍾，但程式顯示只過了100多秒。

✦ 這兩個都是非常好的問題，也是在這類效能測試中很常遇到的狀況。我來分別解釋原因和提供解決方案。

  1. 關於「執行時間超過10分鐘」

  這是完全正常且預期會發生的。


  您的作業要求測試的 n 值最高到 2^25 (約
  3355萬)。對於某些效率較差的資料結構（例如，每次插入都需要移動大量元素的陣列，或是不斷在記憶體中零散配置的鏈
  結串列），當資料量達到數百萬甚至數千萬級別時，執行時間輕易就會超過10分鐘。

  應對方法：


   * 遵循作業指示：您的 target.md 檔案中已經明確提到：
      > 若某個資料點超過10分鐘，則以估計值取代，並解釋估計方法。
   * 在程式中設定超時：在您的測試迴圈中，可以加入一個時間檢查。如果單次實驗的執行時間超過600秒，就主動中斷該次實
     驗，並記錄為「超時」。
   * 估計與外推：對於超時的資料點，您需要根據那些已完成的、較小的 n 值的數據來預測。
       * 分析複雜度：觀察您已有的數據點，判斷其時間複雜度趨勢（例如，是線性 O(n)、平方 O(n²)、還是對數 O(log n)
         等）。
       * 曲線擬合：在報告中，您可以說「根據 n = 2^11 到 2^18 的數據，我們觀察到執行時間與 n^2
         成正比。因此，我們使用公式 T(n) = c * n^2 (其中 c 是根據已有數據計算出的常數) 來估計 n = 2^19
         及之後的執行時間。」


  2. 關於「程式顯示時間與體感時間不符」

  這個問題幾乎可以肯定是使用了錯誤的計時器所導致的。


  您同學遇到的「過了十幾分鐘，但程式只顯示100多秒」的現象，很可能是因為他用了測量 CPU 時間 (CPU Time)
  的函式，而不是 牆鐘時間 (Wall-Clock Time)。


   * CPU 時間：表示 CPU 真正花在執行您程式上的時間。如果您的程式在等待記憶體、等待I/O、或者作業系統正在處理其他背
     景程式，這段時間是不會被計入 CPU 時間的。
   * 牆鐘時間：就是我們體感的、真實世界流逝的時間，從您按下執行到程式結束所經過的總時間。

  在做效能評估時，我們關心的是程式跑完總共要花多久，所以必須使用牆鐘時間。


  正確的計時方法：使用 C++ 的 `<chrono>` 函式庫

  這是現代 C++ 中最標準、最精確、也最推薦的計時方法。它測量的是牆鐘時間，可以完美解決您的問題。


  這是一個簡單的範例，您可以直接套用在您的測試程式中：



    1 #include <iostream>
    2 #include <chrono> // 引入 chrono 函式庫
    3
    4 // ... 在您的測試迴圈中 ...
    5
    6 // 1. 在要計時的程式碼區塊前，記錄開始時間
    7 auto start = std::chrono::high_resolution_clock::now();
    8
    9 // 2. 執行您要測量的操作
   10 // 例如：執行 n 次 insert
   11 for (int i = 0; i < n; ++i) {
   12     my_data_structure.insert(id, score);
   13 }
   14
   15 // 3. 記錄結束時間
   16 auto end = std::chrono::high_resolution_clock::now();
   17
   18 // 4. 計算時間差，並轉換為秒
   19 std::chrono::duration<double> elapsed = end - start;
   20
   21 // 5. 輸出經過的秒數
   22 std::cout << "執行時間: " << elapsed.count() << " 秒" << std::endl;
   23
   24 // 您可以將 elapsed.count() 的值存起來，用於後續的平均計算



  為什麼要用 `chrono`？
   * `high_resolution_clock`：提供您系統可用的最高精度計時器。
   * 穩定性：它是一個「穩定時鐘 (steady clock)」，不受系統時間被手動調整的影響，非常適合用來測量時間間隔。
   * 準確性：它測量的是真實的牆鐘時間，結果會和您的手錶或碼錶一致。


  總結：請務必在您的測試程式中使用 <chrono> 來計時，這樣既可以避免超時問題（透過手動檢查 elapsed.count()
  是否大於 600），又能確保計時結果的準確性。

> 幫我把目前的對話存入AI.log中

✦ 很抱歉，我無法直接存取我們的對話紀錄並將其儲存為檔案。這超出我目前工具的能力範圍。

  不過，您可以很輕易地手動完成這件事：


   1. 在目前的聊天視窗中，向上捲動並選取所有您想儲存的對話內容。
   2. 複製選取的文字 (通常是 Ctrl+C 或 Cmd+C)。
   3. 在您本地的文字編輯器（如記事本、VS Code等）中，貼上 (Ctrl+V 或 Cmd+V) 內容，並將檔案儲存為 AI.log。


  這也是 target.md 中 "Bonus" 項目所期望的繳交方式。

